2025-09-23 22:27:59 | INFO     | [smartresearch.job.job_110d11] Starting job with 9 files
2025-09-23 22:27:59 | DEBUG    | [smartresearch.job.job_110d11] payload={'file_ids': ['25c8d4bb', '2d1b9fa6', 'f21f082d', 'dc209e04', '7045cab3', '0d95e630', '978bb1c1', '11ca19ae', 'c8b0e530'], 'max_pages': 40, 'num_topics': 8, 'cluster_k': None, 'summary_chars': 900, 'section_mode': 'abstract', 'section_label': 'introduction', 'use_abstractive': True, 'abstract_scan_pages': 25}
2025-09-23 22:27:59 | INFO     | [smartresearch.job.job_110d11] [1/9] disseminating_the_outcomes_of_educational_research_to_inform_mathematics_teachers_practices_hood_2009.pdf (file_id=25c8d4bb)
2025-09-23 22:27:59 | DEBUG    | [smartresearch.job.job_110d11] Extracted 2491 chars
2025-09-23 22:28:06 | INFO     | [smartresearch.job.job_110d11] Summary length=457 chars
2025-09-23 22:28:06 | INFO     | [smartresearch.job.job_110d11] [2/9] the_importance_of_information_systems_in_inter-sectoral_r_and_d_collaboration_the_case_of_the_australian_co-_nurharyoko_2005.pdf (file_id=2d1b9fa6)
2025-09-23 22:28:06 | DEBUG    | [smartresearch.job.job_110d11] Extracted 2326 chars
2025-09-23 22:28:11 | INFO     | [smartresearch.job.job_110d11] Summary length=364 chars
2025-09-23 22:28:11 | INFO     | [smartresearch.job.job_110d11] [3/9] role_of_public_policy_in_linking_university_and_research_centres_with_industry_in_sri_lanka_amaradasa_2004.pdf (file_id=f21f082d)
2025-09-23 22:28:11 | DEBUG    | [smartresearch.job.job_110d11] Extracted 2098 chars
2025-09-23 22:28:17 | INFO     | [smartresearch.job.job_110d11] Summary length=468 chars
2025-09-23 22:28:17 | INFO     | [smartresearch.job.job_110d11] [4/9] research_and_development_structures_within_the_australian_wine_industry_organizational_implications_aylward_2008.pdf (file_id=dc209e04)
2025-09-23 22:28:17 | DEBUG    | [smartresearch.job.job_110d11] Extracted 1047 chars
2025-09-23 22:28:23 | INFO     | [smartresearch.job.job_110d11] Summary length=459 chars
2025-09-23 22:28:23 | INFO     | [smartresearch.job.job_110d11] [5/9] industrial_research_and_development_and_inventive_activity_in_australian_manufacturing_industries_liyanage_1984.pdf (file_id=7045cab3)
2025-09-23 22:28:25 | DEBUG    | [smartresearch.job.job_110d11] Extracted 1632 chars
2025-09-23 22:28:30 | INFO     | [smartresearch.job.job_110d11] Summary length=409 chars
2025-09-23 22:28:30 | INFO     | [smartresearch.job.job_110d11] [6/9] action_research_as_a_professional_development_model_for_the_teaching_of_writing_in_early_stage_one_stage_kervin_2004.pdf (file_id=0d95e630)
2025-09-23 22:28:30 | DEBUG    | [smartresearch.job.job_110d11] Extracted 2338 chars
2025-09-23 22:28:38 | INFO     | [smartresearch.job.job_110d11] Summary length=592 chars
2025-09-23 22:28:38 | INFO     | [smartresearch.job.job_110d11] [7/9] approaches_to_evaluation_of_research_and_development_in_agriculture_a_case_study_of_rice_productivity_in_siripongsaroj_2001.pdf (file_id=978bb1c1)
2025-09-23 22:28:40 | DEBUG    | [smartresearch.job.job_110d11] Extracted 2348 chars
2025-09-23 22:28:46 | INFO     | [smartresearch.job.job_110d11] Summary length=418 chars
2025-09-23 22:28:46 | INFO     | [smartresearch.job.job_110d11] [8/9] the_study_of_fossil_faunas_in_the_walanae_basin_indonesia_suyono_2009.pdf (file_id=11ca19ae)
2025-09-23 22:28:47 | WARNING  | [smartresearch.job.job_110d11] No section text found; falling back to full-text extract
2025-09-23 22:28:47 | DEBUG    | [smartresearch.job.job_110d11] Extracted 41408 chars
2025-09-23 22:28:54 | INFO     | [smartresearch.job.job_110d11] Summary length=419 chars
2025-09-23 22:28:54 | INFO     | [smartresearch.job.job_110d11] [9/9] the_influence_of_the_mode_of_plasma_generation_on_the_plasma_nitriding_behaviour_of_a_micoralloyed_i_e_mahboubi_1998.pdf (file_id=c8b0e530)
2025-09-23 22:28:56 | WARNING  | [smartresearch.job.job_110d11] No section text found; falling back to full-text extract
2025-09-23 22:28:56 | DEBUG    | [smartresearch.job.job_110d11] Extracted 47105 chars
2025-09-23 22:29:02 | INFO     | [smartresearch.job.job_110d11] Summary length=260 chars
2025-09-23 22:29:02 | INFO     | [smartresearch.job.job_110d11] Building topic model (sklearn LDA)
2025-09-23 22:29:02 | INFO     | [smartresearch.job.job_110d11] Clustering documents
2025-09-23 22:29:02 | INFO     | [smartresearch.job.job_110d11] Clustering done: k=5
2025-09-23 22:29:02 | INFO     | [smartresearch.job.job_110d11] Job finished successfully
